=========================================================
 STARTING COMPLETE MULTI-PHASE EXPERIMENT SUITE
=========================================================
[1/3] Executing Phase 1 (Micro)...
=========================================================
 STARTING PHASE 1: MICRO SCALE EXPERIMENTS
=========================================================
[GPU 0] Starting Micro Classical Baseline...
[GPU 1] Starting Micro Quantum (k=4, WITH attenc)...
[GPU 1] Phase 1 Jobs Finished.
[GPU 0] Starting Micro Quantum (k=4, NO attenc)...
./run_phase1_micro.sh: line 23: 2749666 Killed                  $PY run_experiment.py $COMMON_ARGS --n_quantum_heads 4 --contrastive --device cuda:0 > logs_combinations/log_cifar10_micro_k4_no_attenc.txt 2>&1
[GPU 0] Phase 1 Jobs Finished.
=========================================================
 STARTING COMPLETE MULTI-PHASE EXPERIMENT SUITE
=========================================================
[1/3] Executing Phase 1 (Micro)...
=========================================================
 STARTING PHASE 1: MICRO SCALE EXPERIMENTS
=========================================================
[GPU 0] Starting Micro Classical Baseline...
[GPU 1] Starting Micro Quantum (k=4, WITH attenc)...
=========================================================
 STARTING MEDMNIST COMPLETE MULTI-PHASE SUITE
=========================================================
[1/3] Executing MedMNIST Phase 1 (Micro)...
=========================================================
 STARTING MEDMNIST PHASE 1: MICRO SCALE EXPERIMENTS
=========================================================
[GPU 1] [dermamnist] Starting Micro Quantum (k=4, WITH attenc)...
[GPU 0] [dermamnist] Starting Micro Classical Baseline...
[GPU 1] [breastmnist] Starting Micro Quantum (k=4, WITH attenc)...
[GPU 1] [pathmnist] Starting Micro Quantum (k=4, WITH attenc)...
[GPU 0] [dermamnist] Starting Micro Quantum (k=4, NO attenc)...
[GPU 0] [breastmnist] Starting Micro Classical Baseline...
[GPU 0] [breastmnist] Starting Micro Quantum (k=4, NO attenc)...
[GPU 0] [pathmnist] Starting Micro Classical Baseline...
[GPU 1] Phase 1 Jobs Finished.
[GPU 0] [pathmnist] Starting Micro Quantum (k=4, NO attenc)...
[GPU 1] [pneumoniamnist] Starting Micro Quantum (k=4, WITH attenc)...
[GPU 1] Phase 1 Jobs Finished.
